<?xml version="1.0" encoding="UTF-8"?>
<!-- Generated by org.testng.reporters.JUnitXMLReporter -->
<testsuite ignored="0" hostname="DESKTOP-HL06UGE" failures="0" tests="4" name="Default test" time="11.936" errors="0" timestamp="2024-02-07T14:03:41 ART">
  <testcase classname="DesafioTecnicoSAM" name="searchToggleTest" time="1.385"/>
  <testcase classname="DesafioTecnicoSAM" name="pageNumbersTest" time="2.655"/>
  <testcase classname="DesafioTecnicoSAM" name="contactTest" time="1.489"/>
  <testcase classname="DesafioTecnicoSAM" name="footerTest" time="0.024"/>
</testsuite> <!-- Default test -->
