<?xml version="1.0" encoding="UTF-8"?>
<testng-results ignored="0" total="4" passed="4" failed="0" skipped="0">
  <reporter-output>
  </reporter-output>
  <suite started-at="2024-02-07T14:03:29 ART" name="Default suite" finished-at="2024-02-07T14:03:41 ART" duration-ms="11936">
    <groups>
    </groups>
    <test started-at="2024-02-07T14:03:29 ART" name="Default test" finished-at="2024-02-07T14:03:41 ART" duration-ms="11936">
      <class name="DesafioTecnicoSAM">
        <test-method is-config="true" signature="setBaseUrl()[pri:0, instance:DesafioTecnicoSAM@74f0ea28]" started-at="2024-02-07T14:03:29 ART" name="setBaseUrl" description="Instanciación del driver e ingreso a web de SAM" finished-at="2024-02-07T14:03:35 ART" duration-ms="6267" status="PASS">
          <reporter-output>
          </reporter-output>
        </test-method> <!-- setBaseUrl -->
        <test-method signature="searchToggleTest()[pri:1, instance:DesafioTecnicoSAM@74f0ea28]" started-at="2024-02-07T14:03:35 ART" name="searchToggleTest" description=" Seleccion lupa de búsqueda, búsqueda &quot;devops&quot; , validación de URL correcta y print cantidad de elementos" finished-at="2024-02-07T14:03:37 ART" duration-ms="1385" status="PASS">
          <reporter-output>
          </reporter-output>
        </test-method> <!-- searchToggleTest -->
        <test-method signature="pageNumbersTest()[pri:2, instance:DesafioTecnicoSAM@74f0ea28]" started-at="2024-02-07T14:03:37 ART" name="pageNumbersTest" description=" Ingresar a página 2 del pageNumbers, clickear cuarto artículo, verificar URL correcta y existencia de palabras Test Management" finished-at="2024-02-07T14:03:39 ART" duration-ms="2655" status="PASS">
          <reporter-output>
          </reporter-output>
        </test-method> <!-- pageNumbersTest -->
        <test-method signature="contactTest()[pri:3, instance:DesafioTecnicoSAM@74f0ea28]" started-at="2024-02-07T14:03:39 ART" name="contactTest" description=" Selección de item Contacto del menú, selección de opcion dropdown &quot;Trabaje con nosotros&quot;, validación de habilitación botón [Enviar]" finished-at="2024-02-07T14:03:41 ART" duration-ms="1489" status="PASS">
          <reporter-output>
          </reporter-output>
        </test-method> <!-- contactTest -->
        <test-method signature="footerTest()[pri:4, instance:DesafioTecnicoSAM@74f0ea28]" started-at="2024-02-07T14:03:41 ART" name="footerTest" description=" Validación dirección de empresa es correcta en el footer" finished-at="2024-02-07T14:03:41 ART" duration-ms="24" status="PASS">
          <reporter-output>
          </reporter-output>
        </test-method> <!-- footerTest -->
        <test-method is-config="true" signature="driverClose()[pri:0, instance:DesafioTecnicoSAM@74f0ea28]" started-at="2024-02-07T14:03:41 ART" name="driverClose" finished-at="2024-02-07T14:03:41 ART" duration-ms="84" status="PASS">
          <reporter-output>
          </reporter-output>
        </test-method> <!-- driverClose -->
      </class> <!-- DesafioTecnicoSAM -->
    </test> <!-- Default test -->
  </suite> <!-- Default suite -->
</testng-results>
